<?xml version="1.0" encoding="UTF-8"?>
<!-- Generated by org.testng.reporters.JUnitXMLReporter -->
<testsuite ignored="0" hostname="Amit" failures="2" tests="2" name="Test" time="0.039" errors="0" timestamp="2025-01-26T19:52:25 IST">
  <testcase classname="com.api.tests.AuthTest" name="userlogin" time="0.011">
    <failure type="java.lang.NoSuchMethodError" message="&amp;apos;java.lang.String org.testng.ITestResult.id()&amp;apos;">
      <![CDATA[java.lang.NoSuchMethodError: 'java.lang.String org.testng.ITestResult.id()'
at com.aventstack.chaintest.plugins.ChainTestListener.beforeInvocation(ChainTestListener.java:107)
at java.base/java.util.ArrayList.forEach(ArrayList.java:1596)
... Removed 24 stack frames]]>
    </failure>
  </testcase> <!-- userlogin -->
  <testcase classname="com.api.tests.UserTest" name="getUserTest" time="0.003">
    <failure type="java.lang.NoSuchMethodError" message="&amp;apos;java.lang.String org.testng.ITestResult.id()&amp;apos;">
      <![CDATA[java.lang.NoSuchMethodError: 'java.lang.String org.testng.ITestResult.id()'
at com.aventstack.chaintest.plugins.ChainTestListener.beforeInvocation(ChainTestListener.java:107)
at java.base/java.util.ArrayList.forEach(ArrayList.java:1596)
... Removed 24 stack frames]]>
    </failure>
  </testcase> <!-- getUserTest -->
</testsuite> <!-- Test -->
