<?xml version="1.0" encoding="UTF-8"?>
<testng-results ignored="0" total="3" passed="3" failed="0" skipped="0">
  <reporter-output>
  </reporter-output>
  <suite started-at="2025-01-26T19:43:54 IST" name="Suite" finished-at="2025-01-26T19:43:56 IST" duration-ms="2786">
    <groups>
    </groups>
    <test started-at="2025-01-26T19:43:54 IST" name="Test" finished-at="2025-01-26T19:43:56 IST" duration-ms="2786">
      <class name="com.api.tests.UserTest">
        <test-method signature="getUserTest()[pri:1, instance:com.api.tests.UserTest@26425897]" started-at="2025-01-26T19:43:54 IST" name="getUserTest" description="Validate get request" finished-at="2025-01-26T19:43:56 IST" duration-ms="1458" status="PASS">
          <reporter-output>
          </reporter-output>
        </test-method> <!-- getUserTest -->
        <test-method signature="patchUserTest()[pri:2, instance:com.api.tests.UserTest@26425897]" started-at="2025-01-26T19:43:56 IST" name="patchUserTest" description="Validate patch request" finished-at="2025-01-26T19:43:56 IST" depends-on-methods="com.api.tests.UserTest.getUserTest" duration-ms="423" status="PASS">
          <reporter-output>
          </reporter-output>
        </test-method> <!-- patchUserTest -->
      </class> <!-- com.api.tests.UserTest -->
      <class name="com.api.tests.AuthTest">
        <test-method is-config="true" signature="init()[pri:0, instance:com.api.tests.AuthTest@75390459]" started-at="2025-01-26T19:43:51 IST" name="init" finished-at="2025-01-26T19:43:54 IST" duration-ms="2887" status="PASS">
          <reporter-output>
          </reporter-output>
        </test-method> <!-- init -->
        <test-method signature="userlogin()[pri:0, instance:com.api.tests.AuthTest@75390459]" started-at="2025-01-26T19:43:54 IST" name="userlogin" description="Login with valid credentials" finished-at="2025-01-26T19:43:54 IST" duration-ms="882" status="PASS">
          <reporter-output>
          </reporter-output>
        </test-method> <!-- userlogin -->
      </class> <!-- com.api.tests.AuthTest -->
    </test> <!-- Test -->
  </suite> <!-- Suite -->
</testng-results>
